<?xml version="1.0" encoding="UTF-8"?>
<!-- Generated by org.testng.reporters.JUnitReportReporter -->
<testsuite skipped="0" hostname="DESKTOP-IUVOT87" name="TestNG.Tester2" tests="2" failures="0" timestamp="03 Jan 2022 01:30:28 GMT" time="0.061" errors="0">
  <testcase name="test" time="0.052" classname="TestNG.Tester2"/>
  <testcase name="test2" time="0.009" classname="TestNG.Tester2"/>
</testsuite> <!-- TestNG.Tester2 -->
