<?xml version="1.0" encoding="UTF-8"?>
<!-- Generated by org.testng.reporters.JUnitReportReporter -->
<testsuite skipped="0" hostname="DESKTOP-IUVOT87" name="TestNG.Tester3" tests="2" failures="0" timestamp="03 Jan 2022 06:39:27 GMT" time="0.070" errors="0">
  <testcase name="tester1" time="0.054" classname="TestNG.Tester3"/>
  <testcase name="tester2" time="0.016" classname="TestNG.Tester3"/>
</testsuite> <!-- TestNG.Tester3 -->
