<?xml version="1.0" encoding="UTF-8"?>
<!-- Generated by org.testng.reporters.JUnitReportReporter -->
<testsuite skipped="0" hostname="DESKTOP-IUVOT87" name="TestNG.Invocationcount" tests="6" failures="0" timestamp="08 Jan 2022 13:45:58 GMT" time="0.071" errors="0">
  <testcase name="Com" time="0.031" classname="TestNG.Invocationcount"/>
  <testcase name="Com" time="0.004" classname="TestNG.Invocationcount"/>
  <testcase name="Com" time="0.021" classname="TestNG.Invocationcount"/>
  <testcase name="Type" time="0.005" classname="TestNG.Invocationcount"/>
  <testcase name="Trash" time="0.003" classname="TestNG.Invocationcount"/>
  <testcase name="Gmail" time="0.007" classname="TestNG.Invocationcount"/>
</testsuite> <!-- TestNG.Invocationcount -->
