<?xml version="1.0" encoding="UTF-8"?>
<!-- Generated by org.testng.reporters.JUnitReportReporter -->
<testsuite skipped="1" hostname="DESKTOP-IUVOT87" name="TestNG.Enabled" tests="2" failures="0" timestamp="03 Jan 2022 07:03:54 GMT" time="0.063" errors="0">
  <testcase name="tester1" time="0.063" classname="TestNG.Enabled"/>
  <testcase name="tester" classname="TestNG.Enabled">
    <skipped/>
  </testcase> <!-- tester -->
</testsuite> <!-- TestNG.Enabled -->
