<?xml version="1.0" encoding="UTF-8"?>
<!-- Generated by org.testng.reporters.JUnitReportReporter -->
<testsuite skipped="0" hostname="DESKTOP-IUVOT87" name="TestNG.Tester" tests="2" failures="0" timestamp="08 Jan 2022 13:41:05 GMT" time="0.026" errors="0">
  <testcase name="test1" time="0.022" classname="TestNG.Tester"/>
  <testcase name="test2" time="0.004" classname="TestNG.Tester"/>
</testsuite> <!-- TestNG.Tester -->
